<?xml version="1.0" encoding="UTF-8"?>
<!-- Generated by org.testng.reporters.JUnitReportReporter -->
<testsuite hostname="DESKTOP-FL5KJ3N" failures="0" tests="3" name="net.cloudfront.d3rek8fmcf6dx4.TestScripts.DoctorListVisibleTest" time="0.769" errors="0" timestamp="06 Jun 2018 04:38:40 GMT" skipped="0">
  <testcase classname="net.cloudfront.d3rek8fmcf6dx4.TestScripts.DoctorListVisibleTest" name="doctorStevenVisiblity" time="0.422"/>
  <testcase classname="net.cloudfront.d3rek8fmcf6dx4.TestScripts.DoctorListVisibleTest" name="doctorRedPandaVisiblity" time="0.224"/>
  <testcase classname="net.cloudfront.d3rek8fmcf6dx4.TestScripts.DoctorListVisibleTest" name="doctorAliceSwiftVisiblity" time="0.123"/>
</testsuite> <!-- net.cloudfront.d3rek8fmcf6dx4.TestScripts.DoctorListVisibleTest -->
